This is XeTeX, Version 3.141592653-2.6-0.999996 (TeX Live 2024) (preloaded format=xelatex 2025.3.5)  5 MAR 2025 19:22
entering extended mode
 restricted \write18 enabled.
 %&-line parsing enabled.
**BAC_Manuscript_Final.tex
(./BAC_Manuscript_Final.tex
LaTeX2e <2024-11-01> patch level 2
L3 programming layer <2025-01-18>

! LaTeX Error: File `apa7.cls' not found.

Type X to quit or <RETURN> to proceed,
or enter new name. (Default extension: cls)

Enter file name: 
! Emergency stop.
<read *> 
         
l.9 ^^M
        
Here is how much of TeX's memory you used:
 18 strings out of 475845
 374 string characters out of 5772621
 381069 words of memory out of 5000000
 23051 multiletter control sequences out of 15000+600000
 558837 words of font info for 36 fonts, out of 8000000 for 9000
 14 hyphenation exceptions out of 8191
 19i,0n,29p,95b,17s stack positions out of 10000i,1000n,20000p,200000b,200000s

No pages of output.
